#
# A fatal error has been detected by the Java Runtime Environment:
#
#  EXCEPTION_ACCESS_VIOLATION (0xc0000005) at pc=0x00007ffeef7abc8a, pid=17356, tid=17264
#
# JRE version: OpenJDK Runtime Environment Temurin-17.0.1+12 (17.0.1+12) (build 17.0.1+12)
# Java VM: OpenJDK 64-Bit Server VM Temurin-17.0.1+12 (17.0.1+12, mixed mode, tiered, compressed oops, compressed class ptrs, g1 gc, windows-amd64)
# Problematic frame:
# V  [jvm.dll+0x79bc8a]
#
# No core dump will be written. Minidumps are not enabled by default on client versions of Windows
#
# If you would like to submit a bug report, please visit:
#   https://github.com/adoptium/adoptium-support/issues
#

---------------  S U M M A R Y ------------

Command Line: -XX:+ShowCodeDetailsInExceptionMessages -agentlib:jdwp=transport=dt_socket,suspend=y,address=localhost:62145 -javaagent:C:\Users\mathe\eclipse\java-2021-12\eclipse\configuration\org.eclipse.osgi\221\0\.cp\lib\javaagent-shaded.jar -Dfile.encoding=Cp1252 main.Principal

Host: 11th Gen Intel(R) Core(TM) i5-1135G7 @ 2.40GHz, 8 cores, 15G,  Windows 10 , 64 bit Build 19041 (10.0.19041.1503)
Time: Wed Mar  9 19:42:01 2022 Hora Padrão de Buenos Aires elapsed time: 1133.267133 seconds (0d 0h 18m 53s)

---------------  T H R E A D  ---------------

Current thread (0x0000022ea9b12dd0):  JavaThread "JDWP Transport Listener: dt_socket" daemon [_thread_in_vm, id=17264, stack(0x0000008efa100000,0x0000008efa200000)]

Stack: [0x0000008efa100000,0x0000008efa200000],  sp=0x0000008efa1ff530,  free space=1021k
Native frames: (J=compiled Java code, j=interpreted, Vv=VM code, C=native code)
V  [jvm.dll+0x79bc8a]
V  [jvm.dll+0x507e6c]
V  [jvm.dll+0x4cf4d4]
C  [jdwp.dll+0x22dff]


siginfo: EXCEPTION_ACCESS_VIOLATION (0xc0000005), reading address 0x000000000099009c


Register to memory mapping:

RIP=0x00007ffeef7abc8a jvm.dll
RAX=0x000000000000009a is an unknown value
RBX=0x0000022ea8e79c34 points into unknown readable memory: 2f 6c 61 6e
RCX=0x0000000000990098 is an unknown value
RDX=0x0000022ea9a18690 points into unknown readable memory: 0x6361726f6c6f634c | 4c 63 6f 6c 6f 72 61 63
RSP=0x0000008efa1ff530 is pointing into the stack for thread: 0x0000022ea9b12dd0
RBP=0x0000022ea9b08890 points into unknown readable memory: 0x0000000000000002 | 02 00 00 00 00 00 00 00
RSI=0x0 is NULL
RDI=0xffffffffffffffff is an unknown value
R8 =0x0000000000000763 is an unknown value
R9 =0x0000000000000040 is an unknown value
R10=0x0000000000000740 is an unknown value
R11=0x0000008efa1ff550 is pointing into the stack for thread: 0x0000022ea9b12dd0
R12=0x0000008efa1ff688 is pointing into the stack for thread: 0x0000022ea9b12dd0
R13=0x0 is NULL
R14=0x0000000800105b68 is a pointer to class: 
coloracao.Colorir {0x0000000800105b70}
 - instance size:     3
 - klass size:        66
 - access:            public synchronized 
 - state:             fully_initialized
 - name:              'coloracao/Colorir'
 - super:             'java/lang/Object'
 - sub:               
 - arrays:            NULL
 - methods:           Array<T>(0x0000022eaa83f180)
 - method ordering:   Array<T>(0x0000022eaa83baf0)
 - default_methods:   Array<T>(0x0000000000000000)
 - local interfaces:  Array<T>(0x0000022ea9000058)
 - trans. interfaces: Array<T>(0x0000022ea9000058)
 - constants:         constant pool [156] {0x0000022eaa844a18} for 'coloracao/Colorir' cache=0x0000022eaa844f38
 - class loader data:  loader data: 0x0000022ea98375a0 for instance a 'jdk/internal/loader/ClassLoaders$AppClassLoader'{0x0000000713e61bb0}
 - source file:       'Colorir.java'
 - source debug extension:       SMAP
Colorir.java
Java
*S jdt
*F
1 Colorir.java
2 file:/C:/PAA%20-%20coloracao%20de%20grafos/coloracao%20de%20grafos/bin/
*L
*E

 - class annotations:       Array<T>(0x0000000000000000)
 - class type annotations:  Array<T>(0x0000000000000000)
 - field annotations:       Array<T>(0x0000000000000000)
 - field type annotations:  Array<T>(0x0000000000000000)
 - generic signature: '
[error occurred during error reporting (printing register info), id 0xc0000005, EXCEPTION_ACCESS_VIOLATION (0xc0000005) at pc=0x00007ffeef7ac896]

Registers:
RAX=0x000000000000009a, RBX=0x0000022ea8e79c34, RCX=0x0000000000990098, RDX=0x0000022ea9a18690
RSP=0x0000008efa1ff530, RBP=0x0000022ea9b08890, RSI=0x0000000000000000, RDI=0xffffffffffffffff
R8 =0x0000000000000763, R9 =0x0000000000000040, R10=0x0000000000000740, R11=0x0000008efa1ff550
R12=0x0000008efa1ff688, R13=0x0000000000000000, R14=0x0000000800105b68, R15=0x0000008efa1ff6d8
RIP=0x00007ffeef7abc8a, EFLAGS=0x0000000000010206

Top of Stack: (sp=0x0000008efa1ff530)
0x0000008efa1ff530:   0000000000000011 0000000800105b68
0x0000008efa1ff540:   0000022ea9b12dd0 0000000000000000
0x0000008efa1ff550:   ffffffffffffffff 00007ffeef517e6c
0x0000008efa1ff560:   0000022ea8e79c34 0000022ea8e79c20
0x0000008efa1ff570:   0000022ea9b08890 0000022ea9b55620
0x0000008efa1ff580:   0000022ea8e79bf0 00000000000003d8
0x0000008efa1ff590:   0000022ea8e79c00 0000022ea8e79fd8
0x0000008efa1ff5a0:   0000000000000002 0000008efa1ff688
0x0000008efa1ff5b0:   0000000000000000 0000000000000000
0x0000008efa1ff5c0:   0000000713b93588 00007ffeef4df4d4
0x0000008efa1ff5d0:   0000022ea9b12dd0 0000008efa1ff6d8
0x0000008efa1ff5e0:   0000022e8a46cf70 0000008efa1ff6d8
0x0000008efa1ff5f0:   0000022ea9b12dd0 0000000000000000
0x0000008efa1ff600:   0000022e00000000 0000000000000000
0x0000008efa1ff610:   000000000000000d 00007fff33ea2dff
0x0000008efa1ff620:   0000008efa1ff6d0 00007fff33eb1aa0 

Instructions: (pc=0x00007ffeef7abc8a)
0x00007ffeef7abb8a:   48 83 c4 20 5f e9 3c a2 90 ff cc cc cc cc cc cc
0x00007ffeef7abb9a:   cc cc cc cc cc cc 48 89 5c 24 08 57 48 83 ec 20
0x00007ffeef7abbaa:   83 fa 02 8d 42 06 b9 08 00 00 00 49 8b d8 0f 4e
0x00007ffeef7abbba:   c1 48 63 c8 48 83 c1 07 83 e1 f8 48 63 f9 49 8b
0x00007ffeef7abbca:   48 18 48 8b c7 48 f7 d0 48 3b c1 73 16 4c 8d 05
0x00007ffeef7abbda:   5a 55 17 00 48 8b d7 48 8b cb e8 47 05 91 ff 48
0x00007ffeef7abbea:   8b 4b 18 48 8d 04 39 48 3b 43 20 76 18 45 33 c0
0x00007ffeef7abbfa:   48 8b d7 48 8b cb 48 8b 5c 24 30 48 83 c4 20 5f
0x00007ffeef7abc0a:   e9 a1 01 91 ff 48 89 43 18 48 8b c1 48 8b 5c 24
0x00007ffeef7abc1a:   30 48 83 c4 20 5f c3 cc cc cc cc cc cc cc cc cc
0x00007ffeef7abc2a:   cc cc cc cc cc cc 4c 8b d2 4c 8b d9 45 85 c0 7e
0x00007ffeef7abc3a:   3c 44 0f b7 49 04 41 8d 40 ff 41 3b c1 44 0f 4c
0x00007ffeef7abc4a:   c8 4d 63 c1 45 85 c9 7e 1f 48 8b c2 4c 2b da 49
0x00007ffeef7abc5a:   8b d0 0f 1f 40 00 41 0f b6 4c 03 06 88 08 48 8d
0x00007ffeef7abc6a:   40 01 48 83 ea 01 75 ee 43 c6 04 10 00 49 8b c2
0x00007ffeef7abc7a:   c3 cc cc cc cc cc 48 89 5c 24 08 57 48 83 ec 20
0x00007ffeef7abc8a:   0f b7 59 04 48 8b f9 33 d2 48 8d 4b 01 e8 24 e8
0x00007ffeef7abc9a:   f2 ff 0f b7 57 04 4c 8b c0 3b da 0f 42 d3 44 8b
0x00007ffeef7abcaa:   ca 85 d2 74 39 48 2b f8 0f 1f 40 00 66 66 0f 1f
0x00007ffeef7abcba:   84 00 00 00 00 00 0f b6 4c 07 06 88 08 48 ff c0
0x00007ffeef7abcca:   48 8b c8 49 2b c8 49 3b c9 7c eb 42 c6 04 02 00
0x00007ffeef7abcda:   49 8b c0 48 8b 5c 24 30 48 83 c4 20 5f c3 48 8b
0x00007ffeef7abcea:   5c 24 30 c6 04 02 00 48 83 c4 20 5f c3 cc cc cc
0x00007ffeef7abcfa:   cc cc cc cc cc cc 4c 8b d1 45 85 c0 7e 6c 44 0f
0x00007ffeef7abd0a:   b7 49 04 41 8d 40 ff 41 3b c1 44 0f 4c c8 4d 63
0x00007ffeef7abd1a:   d9 45 85 c9 7e 22 48 8b ca 4c 2b d2 4d 8b c3 0f
0x00007ffeef7abd2a:   1f 80 00 00 00 00 41 0f b6 44 0a 06 88 01 48 8d
0x00007ffeef7abd3a:   49 01 49 83 e8 01 75 ee 41 c6 04 13 00 48 c7 c0
0x00007ffeef7abd4a:   ff ff ff ff 66 90 48 ff c0 80 3c 02 00 75 f7 48
0x00007ffeef7abd5a:   63 c8 85 c0 48 8b c2 7e 14 80 38 2f 75 03 c6 00
0x00007ffeef7abd6a:   2e 48 ff c0 48 83 e9 01 75 ef 48 8b c2 c3 cc cc
0x00007ffeef7abd7a:   cc cc cc cc cc cc 48 83 ec 28 e8 f7 fe ff ff 4c 


Stack slot to memory mapping:
stack at sp + 0 slots: 0x0000000000000011 is an unknown value
stack at sp + 1 slots: 0x0000000800105b68 is a pointer to class: 
coloracao.Colorir {0x0000000800105b70}
 - instance size:     3
 - klass size:        66
 - access:            public synchronized 
 - state:             fully_initialized
 - name:              'coloracao/Colorir'
 - super:             'java/lang/Object'
 - sub:               
 - arrays:            NULL
 - methods:           Array<T>(0x0000022eaa83f180)
 - method ordering:   Array<T>(0x0000022eaa83baf0)
 - default_methods:   Array<T>(0x0000000000000000)
 - local interfaces:  Array<T>(0x0000022ea9000058)
 - trans. interfaces: Array<T>(0x0000022ea9000058)
 - constants:         constant pool [156] {0x0000022eaa844a18} for 'coloracao/Colorir' cache=0x0000022eaa844f38
 - class loader data:  loader data: 0x0000022ea98375a0 for instance a 'jdk/internal/loader/ClassLoaders$AppClassLoader'{0x0000000713e61bb0}
 - source file:       'Colorir.java'
 - source debug extension:       SMAP
Colorir.java
Java
*S jdt
*F
1 Colorir.java
2 file:/C:/PAA%20-%20coloracao%20de%20grafos/coloracao%20de%20grafos/bin/
*L
*E

 - class annotations:       Array<T>(0x0000000000000000)
 - class type annotations:  Array<T>(0x0000000000000000)
 - field annotations:       Array<T>(0x0000000000000000)
 - field type annotations:  Array<T>(0x0000000000000000)
 - generic signature: '
[error occurred during error reporting (inspecting top of stack), id 0xc0000005, EXCEPTION_ACCESS_VIOLATION (0xc0000005) at pc=0x00007ffeef7ac896]


---------------  P R O C E S S  ---------------

Threads class SMR info:
_java_thread_list=0x0000022ea9983840, length=15, elements={
0x0000022e8a47dae0, 0x0000022ea9835030, 0x0000022ea9835be0, 0x0000022ea986d7d0,
0x0000022ea986eba0, 0x0000022ea9867970, 0x0000022ea9867e40, 0x0000022ea98786a0,
0x0000022ea98821d0, 0x0000022ea9882ad0, 0x0000022ea9866160, 0x0000022ea9b12dd0,
0x0000022ea9b712f0, 0x0000022ea9b111f0, 0x0000022ea9864480
}

Java Threads: ( => current thread )
  0x0000022e8a47dae0 JavaThread "main" [_thread_blocked, id=4896, stack(0x0000008ef9000000,0x0000008ef9100000)]
  0x0000022ea9835030 JavaThread "Reference Handler" daemon [_thread_blocked, id=18008, stack(0x0000008ef9700000,0x0000008ef9800000)]
  0x0000022ea9835be0 JavaThread "Finalizer" daemon [_thread_blocked, id=18296, stack(0x0000008ef9800000,0x0000008ef9900000)]
  0x0000022ea986d7d0 JavaThread "Signal Dispatcher" daemon [_thread_blocked, id=16668, stack(0x0000008ef9900000,0x0000008ef9a00000)]
  0x0000022ea986eba0 JavaThread "Attach Listener" daemon [_thread_blocked, id=6884, stack(0x0000008ef9a00000,0x0000008ef9b00000)]
  0x0000022ea9867970 JavaThread "Service Thread" daemon [_thread_blocked, id=18340, stack(0x0000008ef9b00000,0x0000008ef9c00000)]
  0x0000022ea9867e40 JavaThread "Monitor Deflation Thread" daemon [_thread_blocked, id=11628, stack(0x0000008ef9c00000,0x0000008ef9d00000)]
  0x0000022ea98786a0 JavaThread "C2 CompilerThread0" daemon [_thread_blocked, id=4412, stack(0x0000008ef9d00000,0x0000008ef9e00000)]
  0x0000022ea98821d0 JavaThread "C1 CompilerThread0" daemon [_thread_blocked, id=12576, stack(0x0000008ef9e00000,0x0000008ef9f00000)]
  0x0000022ea9882ad0 JavaThread "Sweeper thread" daemon [_thread_blocked, id=7540, stack(0x0000008ef9f00000,0x0000008efa000000)]
  0x0000022ea9866160 JavaThread "Common-Cleaner" daemon [_thread_blocked, id=17980, stack(0x0000008efa000000,0x0000008efa100000)]
=>0x0000022ea9b12dd0 JavaThread "JDWP Transport Listener: dt_socket" daemon [_thread_in_vm, id=17264, stack(0x0000008efa100000,0x0000008efa200000)]
  0x0000022ea9b712f0 JavaThread "JDWP Event Helper Thread" daemon [_thread_blocked, id=13828, stack(0x0000008efa200000,0x0000008efa300000)]
  0x0000022ea9b111f0 JavaThread "JDWP Command Reader" daemon [_thread_in_native, id=15788, stack(0x0000008efa300000,0x0000008efa400000)]
  0x0000022ea9864480 JavaThread "Notification Thread" daemon [_thread_blocked, id=8028, stack(0x0000008efa400000,0x0000008efa500000)]

Other Threads:
  0x0000022ea9820300 VMThread "VM Thread" [stack: 0x0000008ef9600000,0x0000008ef9700000] [id=17172]
  0x0000022ea9bfcb00 WatcherThread [stack: 0x0000008efa500000,0x0000008efa600000] [id=7352]
  0x0000022e8a4cc000 GCTaskThread "GC Thread#0" [stack: 0x0000008ef9100000,0x0000008ef9200000] [id=18260]
  0x0000022e8a4dd9b0 ConcurrentGCThread "G1 Main Marker" [stack: 0x0000008ef9200000,0x0000008ef9300000] [id=3852]
  0x0000022e8a4dea00 ConcurrentGCThread "G1 Conc#0" [stack: 0x0000008ef9300000,0x0000008ef9400000] [id=17900]
  0x0000022e8a557920 ConcurrentGCThread "G1 Refine#0" [stack: 0x0000008ef9400000,0x0000008ef9500000] [id=14948]
  0x0000022ea8ce24b0 ConcurrentGCThread "G1 Service" [stack: 0x0000008ef9500000,0x0000008ef9600000] [id=17924]

Threads with active compile tasks:

VM state: not at safepoint (normal execution)

VM Mutex/Monitor currently owned by a thread: None

Heap address: 0x0000000704400000, size: 4028 MB, Compressed Oops mode: Zero based, Oop shift amount: 3

CDS archive(s) not mapped
Compressed class space mapped at: 0x0000000800000000-0x0000000840000000, reserved size: 1073741824
Narrow klass base: 0x0000000800000000, Narrow klass shift: 0, Narrow klass range: 0x40000000

GC Precious Log:
 CPUs: 8 total, 8 available
 Memory: 16107M
 Large Page Support: Disabled
 NUMA Support: Disabled
 Compressed Oops: Enabled (Zero based)
 Heap Region Size: 2M
 Heap Min Capacity: 8M
 Heap Initial Capacity: 252M
 Heap Max Capacity: 4028M
 Pre-touch: Disabled
 Parallel Workers: 8
 Concurrent Workers: 2
 Concurrent Refinement Workers: 8
 Periodic GC: Disabled

Heap:
 garbage-first heap   total 258048K, used 4096K [0x0000000704400000, 0x0000000800000000)
  region size 2048K, 3 young (6144K), 0 survivors (0K)
 Metaspace       used 9416K, committed 9600K, reserved 1064960K
  class space    used 815K, committed 896K, reserved 1048576K

Heap Regions: E=young(eden), S=young(survivor), O=old, HS=humongous(starts), HC=humongous(continues), CS=collection set, F=free, OA=open archive, CA=closed archive, TAMS=top-at-mark-start (previous, next)
|   0|0x0000000704400000, 0x0000000704400000, 0x0000000704600000|  0%| F|  |TAMS 0x0000000704400000, 0x0000000704400000| Untracked 
|   1|0x0000000704600000, 0x0000000704600000, 0x0000000704800000|  0%| F|  |TAMS 0x0000000704600000, 0x0000000704600000| Untracked 
|   2|0x0000000704800000, 0x0000000704800000, 0x0000000704a00000|  0%| F|  |TAMS 0x0000000704800000, 0x0000000704800000| Untracked 
|   3|0x0000000704a00000, 0x0000000704a00000, 0x0000000704c00000|  0%| F|  |TAMS 0x0000000704a00000, 0x0000000704a00000| Untracked 
|   4|0x0000000704c00000, 0x0000000704c00000, 0x0000000704e00000|  0%| F|  |TAMS 0x0000000704c00000, 0x0000000704c00000| Untracked 
|   5|0x0000000704e00000, 0x0000000704e00000, 0x0000000705000000|  0%| F|  |TAMS 0x0000000704e00000, 0x0000000704e00000| Untracked 
|   6|0x0000000705000000, 0x0000000705000000, 0x0000000705200000|  0%| F|  |TAMS 0x0000000705000000, 0x0000000705000000| Untracked 
|   7|0x0000000705200000, 0x0000000705200000, 0x0000000705400000|  0%| F|  |TAMS 0x0000000705200000, 0x0000000705200000| Untracked 
|   8|0x0000000705400000, 0x0000000705400000, 0x0000000705600000|  0%| F|  |TAMS 0x0000000705400000, 0x0000000705400000| Untracked 
|   9|0x0000000705600000, 0x0000000705600000, 0x0000000705800000|  0%| F|  |TAMS 0x0000000705600000, 0x0000000705600000| Untracked 
|  10|0x0000000705800000, 0x0000000705800000, 0x0000000705a00000|  0%| F|  |TAMS 0x0000000705800000, 0x0000000705800000| Untracked 
|  11|0x0000000705a00000, 0x0000000705a00000, 0x0000000705c00000|  0%| F|  |TAMS 0x0000000705a00000, 0x0000000705a00000| Untracked 
|  12|0x0000000705c00000, 0x0000000705c00000, 0x0000000705e00000|  0%| F|  |TAMS 0x0000000705c00000, 0x0000000705c00000| Untracked 
|  13|0x0000000705e00000, 0x0000000705e00000, 0x0000000706000000|  0%| F|  |TAMS 0x0000000705e00000, 0x0000000705e00000| Untracked 
|  14|0x0000000706000000, 0x0000000706000000, 0x0000000706200000|  0%| F|  |TAMS 0x0000000706000000, 0x0000000706000000| Untracked 
|  15|0x0000000706200000, 0x0000000706200000, 0x0000000706400000|  0%| F|  |TAMS 0x0000000706200000, 0x0000000706200000| Untracked 
|  16|0x0000000706400000, 0x0000000706400000, 0x0000000706600000|  0%| F|  |TAMS 0x0000000706400000, 0x0000000706400000| Untracked 
|  17|0x0000000706600000, 0x0000000706600000, 0x0000000706800000|  0%| F|  |TAMS 0x0000000706600000, 0x0000000706600000| Untracked 
|  18|0x0000000706800000, 0x0000000706800000, 0x0000000706a00000|  0%| F|  |TAMS 0x0000000706800000, 0x0000000706800000| Untracked 
|  19|0x0000000706a00000, 0x0000000706a00000, 0x0000000706c00000|  0%| F|  |TAMS 0x0000000706a00000, 0x0000000706a00000| Untracked 
|  20|0x0000000706c00000, 0x0000000706c00000, 0x0000000706e00000|  0%| F|  |TAMS 0x0000000706c00000, 0x0000000706c00000| Untracked 
|  21|0x0000000706e00000, 0x0000000706e00000, 0x0000000707000000|  0%| F|  |TAMS 0x0000000706e00000, 0x0000000706e00000| Untracked 
|  22|0x0000000707000000, 0x0000000707000000, 0x0000000707200000|  0%| F|  |TAMS 0x0000000707000000, 0x0000000707000000| Untracked 
|  23|0x0000000707200000, 0x0000000707200000, 0x0000000707400000|  0%| F|  |TAMS 0x0000000707200000, 0x0000000707200000| Untracked 
|  24|0x0000000707400000, 0x0000000707400000, 0x0000000707600000|  0%| F|  |TAMS 0x0000000707400000, 0x0000000707400000| Untracked 
|  25|0x0000000707600000, 0x0000000707600000, 0x0000000707800000|  0%| F|  |TAMS 0x0000000707600000, 0x0000000707600000| Untracked 
|  26|0x0000000707800000, 0x0000000707800000, 0x0000000707a00000|  0%| F|  |TAMS 0x0000000707800000, 0x0000000707800000| Untracked 
|  27|0x0000000707a00000, 0x0000000707a00000, 0x0000000707c00000|  0%| F|  |TAMS 0x0000000707a00000, 0x0000000707a00000| Untracked 
|  28|0x0000000707c00000, 0x0000000707c00000, 0x0000000707e00000|  0%| F|  |TAMS 0x0000000707c00000, 0x0000000707c00000| Untracked 
|  29|0x0000000707e00000, 0x0000000707e00000, 0x0000000708000000|  0%| F|  |TAMS 0x0000000707e00000, 0x0000000707e00000| Untracked 
|  30|0x0000000708000000, 0x0000000708000000, 0x0000000708200000|  0%| F|  |TAMS 0x0000000708000000, 0x0000000708000000| Untracked 
|  31|0x0000000708200000, 0x0000000708200000, 0x0000000708400000|  0%| F|  |TAMS 0x0000000708200000, 0x0000000708200000| Untracked 
|  32|0x0000000708400000, 0x0000000708400000, 0x0000000708600000|  0%| F|  |TAMS 0x0000000708400000, 0x0000000708400000| Untracked 
|  33|0x0000000708600000, 0x0000000708600000, 0x0000000708800000|  0%| F|  |TAMS 0x0000000708600000, 0x0000000708600000| Untracked 
|  34|0x0000000708800000, 0x0000000708800000, 0x0000000708a00000|  0%| F|  |TAMS 0x0000000708800000, 0x0000000708800000| Untracked 
|  35|0x0000000708a00000, 0x0000000708a00000, 0x0000000708c00000|  0%| F|  |TAMS 0x0000000708a00000, 0x0000000708a00000| Untracked 
|  36|0x0000000708c00000, 0x0000000708c00000, 0x0000000708e00000|  0%| F|  |TAMS 0x0000000708c00000, 0x0000000708c00000| Untracked 
|  37|0x0000000708e00000, 0x0000000708e00000, 0x0000000709000000|  0%| F|  |TAMS 0x0000000708e00000, 0x0000000708e00000| Untracked 
|  38|0x0000000709000000, 0x0000000709000000, 0x0000000709200000|  0%| F|  |TAMS 0x0000000709000000, 0x0000000709000000| Untracked 
|  39|0x0000000709200000, 0x0000000709200000, 0x0000000709400000|  0%| F|  |TAMS 0x0000000709200000, 0x0000000709200000| Untracked 
|  40|0x0000000709400000, 0x0000000709400000, 0x0000000709600000|  0%| F|  |TAMS 0x0000000709400000, 0x0000000709400000| Untracked 
|  41|0x0000000709600000, 0x0000000709600000, 0x0000000709800000|  0%| F|  |TAMS 0x0000000709600000, 0x0000000709600000| Untracked 
|  42|0x0000000709800000, 0x0000000709800000, 0x0000000709a00000|  0%| F|  |TAMS 0x0000000709800000, 0x0000000709800000| Untracked 
|  43|0x0000000709a00000, 0x0000000709a00000, 0x0000000709c00000|  0%| F|  |TAMS 0x0000000709a00000, 0x0000000709a00000| Untracked 
|  44|0x0000000709c00000, 0x0000000709c00000, 0x0000000709e00000|  0%| F|  |TAMS 0x0000000709c00000, 0x0000000709c00000| Untracked 
|  45|0x0000000709e00000, 0x0000000709e00000, 0x000000070a000000|  0%| F|  |TAMS 0x0000000709e00000, 0x0000000709e00000| Untracked 
|  46|0x000000070a000000, 0x000000070a000000, 0x000000070a200000|  0%| F|  |TAMS 0x000000070a000000, 0x000000070a000000| Untracked 
|  47|0x000000070a200000, 0x000000070a200000, 0x000000070a400000|  0%| F|  |TAMS 0x000000070a200000, 0x000000070a200000| Untracked 
|  48|0x000000070a400000, 0x000000070a400000, 0x000000070a600000|  0%| F|  |TAMS 0x000000070a400000, 0x000000070a400000| Untracked 
|  49|0x000000070a600000, 0x000000070a600000, 0x000000070a800000|  0%| F|  |TAMS 0x000000070a600000, 0x000000070a600000| Untracked 
|  50|0x000000070a800000, 0x000000070a800000, 0x000000070aa00000|  0%| F|  |TAMS 0x000000070a800000, 0x000000070a800000| Untracked 
|  51|0x000000070aa00000, 0x000000070aa00000, 0x000000070ac00000|  0%| F|  |TAMS 0x000000070aa00000, 0x000000070aa00000| Untracked 
|  52|0x000000070ac00000, 0x000000070ac00000, 0x000000070ae00000|  0%| F|  |TAMS 0x000000070ac00000, 0x000000070ac00000| Untracked 
|  53|0x000000070ae00000, 0x000000070ae00000, 0x000000070b000000|  0%| F|  |TAMS 0x000000070ae00000, 0x000000070ae00000| Untracked 
|  54|0x000000070b000000, 0x000000070b000000, 0x000000070b200000|  0%| F|  |TAMS 0x000000070b000000, 0x000000070b000000| Untracked 
|  55|0x000000070b200000, 0x000000070b200000, 0x000000070b400000|  0%| F|  |TAMS 0x000000070b200000, 0x000000070b200000| Untracked 
|  56|0x000000070b400000, 0x000000070b400000, 0x000000070b600000|  0%| F|  |TAMS 0x000000070b400000, 0x000000070b400000| Untracked 
|  57|0x000000070b600000, 0x000000070b600000, 0x000000070b800000|  0%| F|  |TAMS 0x000000070b600000, 0x000000070b600000| Untracked 
|  58|0x000000070b800000, 0x000000070b800000, 0x000000070ba00000|  0%| F|  |TAMS 0x000000070b800000, 0x000000070b800000| Untracked 
|  59|0x000000070ba00000, 0x000000070ba00000, 0x000000070bc00000|  0%| F|  |TAMS 0x000000070ba00000, 0x000000070ba00000| Untracked 
|  60|0x000000070bc00000, 0x000000070bc00000, 0x000000070be00000|  0%| F|  |TAMS 0x000000070bc00000, 0x000000070bc00000| Untracked 
|  61|0x000000070be00000, 0x000000070be00000, 0x000000070c000000|  0%| F|  |TAMS 0x000000070be00000, 0x000000070be00000| Untracked 
|  62|0x000000070c000000, 0x000000070c000000, 0x000000070c200000|  0%| F|  |TAMS 0x000000070c000000, 0x000000070c000000| Untracked 
|  63|0x000000070c200000, 0x000000070c200000, 0x000000070c400000|  0%| F|  |TAMS 0x000000070c200000, 0x000000070c200000| Untracked 
|  64|0x000000070c400000, 0x000000070c400000, 0x000000070c600000|  0%| F|  |TAMS 0x000000070c400000, 0x000000070c400000| Untracked 
|  65|0x000000070c600000, 0x000000070c600000, 0x000000070c800000|  0%| F|  |TAMS 0x000000070c600000, 0x000000070c600000| Untracked 
|  66|0x000000070c800000, 0x000000070c800000, 0x000000070ca00000|  0%| F|  |TAMS 0x000000070c800000, 0x000000070c800000| Untracked 
|  67|0x000000070ca00000, 0x000000070ca00000, 0x000000070cc00000|  0%| F|  |TAMS 0x000000070ca00000, 0x000000070ca00000| Untracked 
|  68|0x000000070cc00000, 0x000000070cc00000, 0x000000070ce00000|  0%| F|  |TAMS 0x000000070cc00000, 0x000000070cc00000| Untracked 
|  69|0x000000070ce00000, 0x000000070ce00000, 0x000000070d000000|  0%| F|  |TAMS 0x000000070ce00000, 0x000000070ce00000| Untracked 
|  70|0x000000070d000000, 0x000000070d000000, 0x000000070d200000|  0%| F|  |TAMS 0x000000070d000000, 0x000000070d000000| Untracked 
|  71|0x000000070d200000, 0x000000070d200000, 0x000000070d400000|  0%| F|  |TAMS 0x000000070d200000, 0x000000070d200000| Untracked 
|  72|0x000000070d400000, 0x000000070d400000, 0x000000070d600000|  0%| F|  |TAMS 0x000000070d400000, 0x000000070d400000| Untracked 
|  73|0x000000070d600000, 0x000000070d600000, 0x000000070d800000|  0%| F|  |TAMS 0x000000070d600000, 0x000000070d600000| Untracked 
|  74|0x000000070d800000, 0x000000070d800000, 0x000000070da00000|  0%| F|  |TAMS 0x000000070d800000, 0x000000070d800000| Untracked 
|  75|0x000000070da00000, 0x000000070da00000, 0x000000070dc00000|  0%| F|  |TAMS 0x000000070da00000, 0x000000070da00000| Untracked 
|  76|0x000000070dc00000, 0x000000070dc00000, 0x000000070de00000|  0%| F|  |TAMS 0x000000070dc00000, 0x000000070dc00000| Untracked 
|  77|0x000000070de00000, 0x000000070de00000, 0x000000070e000000|  0%| F|  |TAMS 0x000000070de00000, 0x000000070de00000| Untracked 
|  78|0x000000070e000000, 0x000000070e000000, 0x000000070e200000|  0%| F|  |TAMS 0x000000070e000000, 0x000000070e000000| Untracked 
|  79|0x000000070e200000, 0x000000070e200000, 0x000000070e400000|  0%| F|  |TAMS 0x000000070e200000, 0x000000070e200000| Untracked 
|  80|0x000000070e400000, 0x000000070e400000, 0x000000070e600000|  0%| F|  |TAMS 0x000000070e400000, 0x000000070e400000| Untracked 
|  81|0x000000070e600000, 0x000000070e600000, 0x000000070e800000|  0%| F|  |TAMS 0x000000070e600000, 0x000000070e600000| Untracked 
|  82|0x000000070e800000, 0x000000070e800000, 0x000000070ea00000|  0%| F|  |TAMS 0x000000070e800000, 0x000000070e800000| Untracked 
|  83|0x000000070ea00000, 0x000000070ea00000, 0x000000070ec00000|  0%| F|  |TAMS 0x000000070ea00000, 0x000000070ea00000| Untracked 
|  84|0x000000070ec00000, 0x000000070ec00000, 0x000000070ee00000|  0%| F|  |TAMS 0x000000070ec00000, 0x000000070ec00000| Untracked 
|  85|0x000000070ee00000, 0x000000070ee00000, 0x000000070f000000|  0%| F|  |TAMS 0x000000070ee00000, 0x000000070ee00000| Untracked 
|  86|0x000000070f000000, 0x000000070f000000, 0x000000070f200000|  0%| F|  |TAMS 0x000000070f000000, 0x000000070f000000| Untracked 
|  87|0x000000070f200000, 0x000000070f200000, 0x000000070f400000|  0%| F|  |TAMS 0x000000070f200000, 0x000000070f200000| Untracked 
|  88|0x000000070f400000, 0x000000070f400000, 0x000000070f600000|  0%| F|  |TAMS 0x000000070f400000, 0x000000070f400000| Untracked 
|  89|0x000000070f600000, 0x000000070f600000, 0x000000070f800000|  0%| F|  |TAMS 0x000000070f600000, 0x000000070f600000| Untracked 
|  90|0x000000070f800000, 0x000000070f800000, 0x000000070fa00000|  0%| F|  |TAMS 0x000000070f800000, 0x000000070f800000| Untracked 
|  91|0x000000070fa00000, 0x000000070fa00000, 0x000000070fc00000|  0%| F|  |TAMS 0x000000070fa00000, 0x000000070fa00000| Untracked 
|  92|0x000000070fc00000, 0x000000070fc00000, 0x000000070fe00000|  0%| F|  |TAMS 0x000000070fc00000, 0x000000070fc00000| Untracked 
|  93|0x000000070fe00000, 0x000000070fe00000, 0x0000000710000000|  0%| F|  |TAMS 0x000000070fe00000, 0x000000070fe00000| Untracked 
|  94|0x0000000710000000, 0x0000000710000000, 0x0000000710200000|  0%| F|  |TAMS 0x0000000710000000, 0x0000000710000000| Untracked 
|  95|0x0000000710200000, 0x0000000710200000, 0x0000000710400000|  0%| F|  |TAMS 0x0000000710200000, 0x0000000710200000| Untracked 
|  96|0x0000000710400000, 0x0000000710400000, 0x0000000710600000|  0%| F|  |TAMS 0x0000000710400000, 0x0000000710400000| Untracked 
|  97|0x0000000710600000, 0x0000000710600000, 0x0000000710800000|  0%| F|  |TAMS 0x0000000710600000, 0x0000000710600000| Untracked 
|  98|0x0000000710800000, 0x0000000710800000, 0x0000000710a00000|  0%| F|  |TAMS 0x0000000710800000, 0x0000000710800000| Untracked 
|  99|0x0000000710a00000, 0x0000000710a00000, 0x0000000710c00000|  0%| F|  |TAMS 0x0000000710a00000, 0x0000000710a00000| Untracked 
| 100|0x0000000710c00000, 0x0000000710c00000, 0x0000000710e00000|  0%| F|  |TAMS 0x0000000710c00000, 0x0000000710c00000| Untracked 
| 101|0x0000000710e00000, 0x0000000710e00000, 0x0000000711000000|  0%| F|  |TAMS 0x0000000710e00000, 0x0000000710e00000| Untracked 
| 102|0x0000000711000000, 0x0000000711000000, 0x0000000711200000|  0%| F|  |TAMS 0x0000000711000000, 0x0000000711000000| Untracked 
| 103|0x0000000711200000, 0x0000000711200000, 0x0000000711400000|  0%| F|  |TAMS 0x0000000711200000, 0x0000000711200000| Untracked 
| 104|0x0000000711400000, 0x0000000711400000, 0x0000000711600000|  0%| F|  |TAMS 0x0000000711400000, 0x0000000711400000| Untracked 
| 105|0x0000000711600000, 0x0000000711600000, 0x0000000711800000|  0%| F|  |TAMS 0x0000000711600000, 0x0000000711600000| Untracked 
| 106|0x0000000711800000, 0x0000000711800000, 0x0000000711a00000|  0%| F|  |TAMS 0x0000000711800000, 0x0000000711800000| Untracked 
| 107|0x0000000711a00000, 0x0000000711a00000, 0x0000000711c00000|  0%| F|  |TAMS 0x0000000711a00000, 0x0000000711a00000| Untracked 
| 108|0x0000000711c00000, 0x0000000711c00000, 0x0000000711e00000|  0%| F|  |TAMS 0x0000000711c00000, 0x0000000711c00000| Untracked 
| 109|0x0000000711e00000, 0x0000000711e00000, 0x0000000712000000|  0%| F|  |TAMS 0x0000000711e00000, 0x0000000711e00000| Untracked 
| 110|0x0000000712000000, 0x0000000712000000, 0x0000000712200000|  0%| F|  |TAMS 0x0000000712000000, 0x0000000712000000| Untracked 
| 111|0x0000000712200000, 0x0000000712200000, 0x0000000712400000|  0%| F|  |TAMS 0x0000000712200000, 0x0000000712200000| Untracked 
| 112|0x0000000712400000, 0x0000000712400000, 0x0000000712600000|  0%| F|  |TAMS 0x0000000712400000, 0x0000000712400000| Untracked 
| 113|0x0000000712600000, 0x0000000712600000, 0x0000000712800000|  0%| F|  |TAMS 0x0000000712600000, 0x0000000712600000| Untracked 
| 114|0x0000000712800000, 0x0000000712800000, 0x0000000712a00000|  0%| F|  |TAMS 0x0000000712800000, 0x0000000712800000| Untracked 
| 115|0x0000000712a00000, 0x0000000712a00000, 0x0000000712c00000|  0%| F|  |TAMS 0x0000000712a00000, 0x0000000712a00000| Untracked 
| 116|0x0000000712c00000, 0x0000000712c00000, 0x0000000712e00000|  0%| F|  |TAMS 0x0000000712c00000, 0x0000000712c00000| Untracked 
| 117|0x0000000712e00000, 0x0000000712e00000, 0x0000000713000000|  0%| F|  |TAMS 0x0000000712e00000, 0x0000000712e00000| Untracked 
| 118|0x0000000713000000, 0x0000000713000000, 0x0000000713200000|  0%| F|  |TAMS 0x0000000713000000, 0x0000000713000000| Untracked 
| 119|0x0000000713200000, 0x0000000713200000, 0x0000000713400000|  0%| F|  |TAMS 0x0000000713200000, 0x0000000713200000| Untracked 
| 120|0x0000000713400000, 0x0000000713400000, 0x0000000713600000|  0%| F|  |TAMS 0x0000000713400000, 0x0000000713400000| Untracked 
| 121|0x0000000713600000, 0x0000000713600000, 0x0000000713800000|  0%| F|  |TAMS 0x0000000713600000, 0x0000000713600000| Untracked 
| 122|0x0000000713800000, 0x0000000713800000, 0x0000000713a00000|  0%| F|  |TAMS 0x0000000713800000, 0x0000000713800000| Untracked 
| 123|0x0000000713a00000, 0x0000000713bf6470, 0x0000000713c00000| 98%| E|  |TAMS 0x0000000713a00000, 0x0000000713a00000| Complete 
| 124|0x0000000713c00000, 0x0000000713e00000, 0x0000000713e00000|100%| E|CS|TAMS 0x0000000713c00000, 0x0000000713c00000| Complete 
| 125|0x0000000713e00000, 0x0000000714000000, 0x0000000714000000|100%| E|CS|TAMS 0x0000000713e00000, 0x0000000713e00000| Complete 

Card table byte_map: [0x0000022e9d650000,0x0000022e9de30000] _byte_map_base: 0x0000022e99e2e000

Marking Bits (Prev, Next): (CMBitMap*) 0x0000022e8a4cd4c0, (CMBitMap*) 0x0000022e8a4cd500
 Prev Bits: [0x0000022e9e610000, 0x0000022ea2500000)
 Next Bits: [0x0000022ea2500000, 0x0000022ea63f0000)

Polling page: 0x0000022e89c60000

Metaspace:

Usage:
  Non-class:      8.40 MB used.
      Class:    815.99 KB used.
       Both:      9.20 MB used.

Virtual space:
  Non-class space:       16.00 MB reserved,       8.50 MB ( 53%) committed,  2 nodes.
      Class space:        1.00 GB reserved,     896.00 KB ( <1%) committed,  1 nodes.
             Both:        1.02 GB reserved,       9.38 MB ( <1%) committed. 

Chunk freelists:
   Non-Class:  2.72 MB
       Class:  2.97 MB
        Both:  5.69 MB

MaxMetaspaceSize: unlimited
CompressedClassSpaceSize: 1.00 GB
Initial GC threshold: 21.00 MB
Current GC threshold: 21.00 MB
CDS: off
MetaspaceReclaimPolicy: balanced
 - commit_granule_bytes: 65536.
 - commit_granule_words: 8192.
 - virtual_space_node_default_size: 1048576.
 - enlarge_chunks_in_place: 1.
 - new_chunks_are_fully_committed: 0.
 - uncommit_free_chunks: 1.
 - use_allocation_guard: 0.
 - handle_deallocations: 1.


Internal statistics:

num_allocs_failed_limit: 0.
num_arena_births: 8.
num_arena_deaths: 0.
num_vsnodes_births: 3.
num_vsnodes_deaths: 0.
num_space_committed: 150.
num_space_uncommitted: 0.
num_chunks_returned_to_freelist: 0.
num_chunks_taken_from_freelist: 47.
num_chunk_merges: 0.
num_chunk_splits: 20.
num_chunks_enlarged: 16.
num_purges: 0.
num_inconsistent_stats: 0.

CodeHeap 'non-profiled nmethods': size=120000Kb used=130Kb max_used=130Kb free=119869Kb
 bounds [0x0000022e95600000, 0x0000022e95870000, 0x0000022e9cb30000]
CodeHeap 'profiled nmethods': size=120000Kb used=616Kb max_used=616Kb free=119383Kb
 bounds [0x0000022e8e0d0000, 0x0000022e8e340000, 0x0000022e95600000]
CodeHeap 'non-nmethods': size=5760Kb used=1209Kb max_used=1228Kb free=4550Kb
 bounds [0x0000022e8db30000, 0x0000022e8dda0000, 0x0000022e8e0d0000]
 total_blobs=820 nmethods=407 adapters=326
 compilation: enabled
              stopped_count=0, restarted_count=0
 full_count=0

Compilation events (20 events):
Event: 0.862 Thread 0x0000022ea98821d0  402       3       jdk.internal.math.FDBigInteger::trimLeadingZeros (57 bytes)
Event: 0.862 Thread 0x0000022ea98821d0 nmethod 402 0x0000022e8e168e90 code [0x0000022e8e169040, 0x0000022e8e169318]
Event: 1015.592 Thread 0x0000022ea98821d0  403       3       org.eclipse.jdt.launching.internal.org.objectweb.asm.SymbolTable$Entry::<init> (17 bytes)
Event: 1015.593 Thread 0x0000022ea98821d0 nmethod 403 0x0000022e8e169410 code [0x0000022e8e1695c0, 0x0000022e8e169768]
Event: 1015.593 Thread 0x0000022ea98821d0  404       3       org.eclipse.jdt.launching.internal.org.objectweb.asm.ByteVector::putShort (52 bytes)
Event: 1015.594 Thread 0x0000022ea98821d0 

Event: 1030.647 Thread 0x0000022ea98821d0  406       3       org.eclipse.jdt.launching.internal.org.objectweb.asm.SymbolTable::addConstantUtf8 (98 bytes)
Event: 1030.650 Thread 0x0000022ea98821d0 

Event: 1030.650 Thread 0x0000022ea98821d0  405       3       org.eclipse.jdt.launching.internal.org.objectweb.asm.SymbolTable::get (13 bytes)
Event: 1030.650 Thread 0x0000022ea98821d0 nmethod 405 0x0000022e8e169810 code [0x0000022e8e1699a0, 0x0000022e8e169af8]
Event: 1133.246 Thread 0x0000022ea98821d0  407       1       org.eclipse.jdt.launching.internal.org.objectweb.asm.SymbolTable::getMajorVersion (5 bytes)
Event: 1133.246 Thread 0x0000022ea98821d0 nmethod 407 0x0000022e95620510 code [0x0000022e956206a0, 0x0000022e95620778]
Event: 1133.246 Thread 0x0000022ea98786a0  408       4       java.lang.StringUTF16::compress (50 bytes)
Event: 1133.246 Thread 0x0000022ea98821d0  410       3       org.eclipse.jdt.launching.internal.org.objectweb.asm.ClassReader::readInt (52 bytes)
Event: 1133.246 Thread 0x0000022ea98821d0 nmethod 410 0x0000022e8e169c10 code [0x0000022e8e169da0, 0x0000022e8e169f78]
Event: 1133.246 Thread 0x0000022ea98821d0  411       3       org.eclipse.jdt.launching.internal.org.objectweb.asm.ByteVector::putShort (52 bytes)
Event: 1133.248 Thread 0x0000022ea98821d0 

Event: 1133.252 Thread 0x0000022ea98786a0 

Event: 1133.252 Thread 0x0000022ea98786a0  409       4       org.eclipse.jdt.launching.internal.org.objectweb.asm.ClassReader::getItem (7 bytes)
Event: 1133.253 Thread 0x0000022ea98786a0 nmethod 409 0x0000022e95620810 code [0x0000022e95620980, 0x0000022e95620a38]

GC Heap History (0 events):
No events

Deoptimization events (20 events):
Event: 0.318 Thread 0x0000022e8a47dae0 DEOPT PACKING pc=0x0000022e8e148654 sp=0x0000008ef90f81f0
Event: 0.318 Thread 0x0000022e8a47dae0 DEOPT UNPACKING pc=0x0000022e8db86763 sp=0x0000008ef90f7658 mode 0
Event: 0.319 Thread 0x0000022e8a47dae0 DEOPT PACKING pc=0x0000022e8e148654 sp=0x0000008ef90f81f0
Event: 0.319 Thread 0x0000022e8a47dae0 DEOPT UNPACKING pc=0x0000022e8db86763 sp=0x0000008ef90f7658 mode 0
Event: 0.319 Thread 0x0000022e8a47dae0 DEOPT PACKING pc=0x0000022e8e148654 sp=0x0000008ef90f81f0
Event: 0.319 Thread 0x0000022e8a47dae0 DEOPT UNPACKING pc=0x0000022e8db86763 sp=0x0000008ef90f7658 mode 0
Event: 0.320 Thread 0x0000022e8a47dae0 DEOPT PACKING pc=0x0000022e8e148654 sp=0x0000008ef90f81f0
Event: 0.320 Thread 0x0000022e8a47dae0 DEOPT UNPACKING pc=0x0000022e8db86763 sp=0x0000008ef90f7658 mode 0
Event: 0.321 Thread 0x0000022e8a47dae0 DEOPT PACKING pc=0x0000022e8e148654 sp=0x0000008ef90fbc40
Event: 0.321 Thread 0x0000022e8a47dae0 DEOPT UNPACKING pc=0x0000022e8db86763 sp=0x0000008ef90fb0a8 mode 0
Event: 0.322 Thread 0x0000022e8a47dae0 DEOPT PACKING pc=0x0000022e8e148654 sp=0x0000008ef90fbc40
Event: 0.322 Thread 0x0000022e8a47dae0 DEOPT UNPACKING pc=0x0000022e8db86763 sp=0x0000008ef90fb0a8 mode 0
Event: 0.323 Thread 0x0000022e8a47dae0 DEOPT PACKING pc=0x0000022e8e148654 sp=0x0000008ef90f8170
Event: 0.323 Thread 0x0000022e8a47dae0 DEOPT UNPACKING pc=0x0000022e8db86763 sp=0x0000008ef90f75d8 mode 0
Event: 0.324 Thread 0x0000022e8a47dae0 DEOPT PACKING pc=0x0000022e8e148654 sp=0x0000008ef90fbb70
Event: 0.324 Thread 0x0000022e8a47dae0 DEOPT UNPACKING pc=0x0000022e8db86763 sp=0x0000008ef90fafd8 mode 0
Event: 0.325 Thread 0x0000022e8a47dae0 DEOPT PACKING pc=0x0000022e8e148654 sp=0x0000008ef90fbc40
Event: 0.325 Thread 0x0000022e8a47dae0 DEOPT UNPACKING pc=0x0000022e8db86763 sp=0x0000008ef90fb0a8 mode 0
Event: 0.328 Thread 0x0000022e8a47dae0 DEOPT PACKING pc=0x0000022e8e148654 sp=0x0000008ef90f7de0
Event: 0.328 Thread 0x0000022e8a47dae0 DEOPT UNPACKING pc=0x0000022e8db86763 sp=0x0000008ef90f7248 mode 0

Classes unloaded (0 events):
No events

Classes redefined (5 events):
Event: 1015.593 Thread 0x0000022ea9820300 redefined class name=grafos.Grafo, count=1
Event: 1030.648 Thread 0x0000022ea9820300 redefined class name=grafos.Grafo, count=2
Event: 1033.738 Thread 0x0000022ea9820300 redefined class name=coloracao.Colorir, count=1
Event: 1133.247 Thread 0x0000022ea9820300 redefined class name=main.Principal, count=1
Event: 1133.247 Thread 0x0000022ea9820300 redefined class name=coloracao.Colorir, count=2

Internal exceptions (0 events):
No events

VM Operations (20 events):
Event: 1098.223 Executing VM operation: get/set locals
Event: 1098.223 Executing VM operation: get/set locals done
Event: 1098.223 Executing VM operation: get/set locals
Event: 1098.223 Executing VM operation: get/set locals done
Event: 1115.489 Executing VM operation: get/set locals
Event: 1115.489 Executing VM operation: get/set locals done
Event: 1115.490 Executing VM operation: get/set locals
Event: 1115.490 Executing VM operation: get/set locals done
Event: 1133.242 Executing VM operation: ChangeSingleStep
Event: 1133.243 Executing VM operation: ChangeSingleStep done
Event: 1133.243 Executing VM operation: ChangeSingleStep
Event: 1133.243 Executing VM operation: ChangeSingleStep done
Event: 1133.246 Executing VM operation: RedefineClasses
Event: 1133.248 Executing VM operation: RedefineClasses done
Event: 1133.251 Executing VM operation: ChangeBreakpoints
Event: 1133.252 Executing VM operation: ChangeBreakpoints done
Event: 1133.253 Executing VM operation: ChangeSingleStep
Event: 1133.253 Executing VM operation: ChangeSingleStep done
Event: 1133.254 Executing VM operation: ChangeSingleStep
Event: 1133.254 Executing VM operation: ChangeSingleStep done

Events (20 events):
Event: 0.315 loading class jdk/internal/reflect/Label
Event: 0.315 loading class jdk/internal/reflect/Label done
Event: 0.315 loading class jdk/internal/reflect/Label$PatchInfo
Event: 0.315 loading class jdk/internal/reflect/Label$PatchInfo done
Event: 0.315 loading class jdk/internal/reflect/MethodAccessorGenerator$1
Event: 0.315 loading class jdk/internal/reflect/MethodAccessorGenerator$1 done
Event: 0.315 loading class jdk/internal/reflect/ClassDefiner
Event: 0.315 loading class jdk/internal/reflect/ClassDefiner done
Event: 0.315 loading class jdk/internal/reflect/ClassDefiner$1
Event: 0.315 loading class jdk/internal/reflect/ClassDefiner$1 done
Event: 0.316 loading class jdk/internal/reflect/BootstrapConstructorAccessorImpl
Event: 0.316 loading class jdk/internal/reflect/BootstrapConstructorAccessorImpl done
Event: 0.318 loading class java/lang/TypeNotPresentException
Event: 0.318 loading class java/lang/TypeNotPresentException done
Event: 0.321 Thread 0x0000022ea9ff0dd0 Thread added: 0x0000022ea9ff0dd0
Event: 0.329 loading class java/lang/IllegalStateException
Event: 0.329 loading class java/lang/IllegalStateException done
Event: 0.861 loading class jdk/internal/math/FDBigInteger
Event: 0.861 loading class jdk/internal/math/FDBigInteger done
Event: 0.861 Thread 0x0000022ea9ff0dd0 Thread exited: 0x0000022ea9ff0dd0


Dynamic libraries:
0x00007ff783b40000 - 0x00007ff783b4e000 	C:\Users\mathe\.p2\pool\plugins\org.eclipse.justj.openjdk.hotspot.jre.full.win32.x86_64_17.0.1.v20211116-1657\jre\bin\javaw.exe
0x00007fff65090000 - 0x00007fff65285000 	C:\Windows\SYSTEM32\ntdll.dll
0x00007fff630b0000 - 0x00007fff6316e000 	C:\Windows\System32\KERNEL32.DLL
0x00007fff62a70000 - 0x00007fff62d38000 	C:\Windows\System32\KERNELBASE.dll
0x00007fff62970000 - 0x00007fff62a70000 	C:\Windows\System32\ucrtbase.dll
0x00007fff40780000 - 0x00007fff40799000 	C:\Users\mathe\.p2\pool\plugins\org.eclipse.justj.openjdk.hotspot.jre.full.win32.x86_64_17.0.1.v20211116-1657\jre\bin\VCRUNTIME140.dll
0x00007fff407a0000 - 0x00007fff407b8000 	C:\Users\mathe\.p2\pool\plugins\org.eclipse.justj.openjdk.hotspot.jre.full.win32.x86_64_17.0.1.v20211116-1657\jre\bin\jli.dll
0x00007fff64310000 - 0x00007fff644b0000 	C:\Windows\System32\USER32.dll
0x00007fff540d0000 - 0x00007fff5436a000 	C:\Windows\WinSxS\amd64_microsoft.windows.common-controls_6595b64144ccf1df_6.0.19041.1110_none_60b5254171f9507e\COMCTL32.dll
0x00007fff63080000 - 0x00007fff630a2000 	C:\Windows\System32\win32u.dll
0x00007fff636f0000 - 0x00007fff6378e000 	C:\Windows\System32\msvcrt.dll
0x00007fff64b70000 - 0x00007fff64b9b000 	C:\Windows\System32\GDI32.dll
0x00007fff62f70000 - 0x00007fff6307d000 	C:\Windows\System32\gdi32full.dll
0x00007fff628d0000 - 0x00007fff6296d000 	C:\Windows\System32\msvcp_win.dll
0x00007fff63200000 - 0x00007fff63230000 	C:\Windows\System32\IMM32.DLL
0x00007fff51f80000 - 0x00007fff51f8c000 	C:\Users\mathe\.p2\pool\plugins\org.eclipse.justj.openjdk.hotspot.jre.full.win32.x86_64_17.0.1.v20211116-1657\jre\bin\vcruntime140_1.dll
0x00007fff290b0000 - 0x00007fff29141000 	C:\Users\mathe\.p2\pool\plugins\org.eclipse.justj.openjdk.hotspot.jre.full.win32.x86_64_17.0.1.v20211116-1657\jre\bin\msvcp140.dll
0x00007ffeef010000 - 0x00007ffeefc56000 	C:\Users\mathe\.p2\pool\plugins\org.eclipse.justj.openjdk.hotspot.jre.full.win32.x86_64_17.0.1.v20211116-1657\jre\bin\server\jvm.dll
0x00007fff64f10000 - 0x00007fff64fbe000 	C:\Windows\System32\ADVAPI32.dll
0x00007fff64d40000 - 0x00007fff64ddc000 	C:\Windows\System32\sechost.dll
0x00007fff63430000 - 0x00007fff63555000 	C:\Windows\System32\RPCRT4.dll
0x00007fff64af0000 - 0x00007fff64af8000 	C:\Windows\System32\PSAPI.DLL
0x00007fff4b140000 - 0x00007fff4b167000 	C:\Windows\SYSTEM32\WINMM.dll
0x00007fff56400000 - 0x00007fff5640a000 	C:\Windows\SYSTEM32\VERSION.dll
0x00007fff593a0000 - 0x00007fff593a9000 	C:\Windows\SYSTEM32\WSOCK32.dll
0x00007fff64b00000 - 0x00007fff64b6b000 	C:\Windows\System32\WS2_32.dll
0x00007fff61040000 - 0x00007fff61052000 	C:\Windows\SYSTEM32\kernel.appcore.dll
0x00007fff58d50000 - 0x00007fff58d5a000 	C:\Users\mathe\.p2\pool\plugins\org.eclipse.justj.openjdk.hotspot.jre.full.win32.x86_64_17.0.1.v20211116-1657\jre\bin\jimage.dll
0x00007fff60b50000 - 0x00007fff60d34000 	C:\Windows\SYSTEM32\DBGHELP.DLL
0x00007fff52a40000 - 0x00007fff52a6c000 	C:\Windows\SYSTEM32\dbgcore.DLL
0x00007fff62d40000 - 0x00007fff62dc2000 	C:\Windows\System32\bcryptPrimitives.dll
0x00007fff33e80000 - 0x00007fff33ebb000 	C:\Users\mathe\.p2\pool\plugins\org.eclipse.justj.openjdk.hotspot.jre.full.win32.x86_64_17.0.1.v20211116-1657\jre\bin\jdwp.dll
0x00007fff4ccf0000 - 0x00007fff4ccfe000 	C:\Users\mathe\.p2\pool\plugins\org.eclipse.justj.openjdk.hotspot.jre.full.win32.x86_64_17.0.1.v20211116-1657\jre\bin\instrument.dll
0x00007fff46b90000 - 0x00007fff46bb5000 	C:\Users\mathe\.p2\pool\plugins\org.eclipse.justj.openjdk.hotspot.jre.full.win32.x86_64_17.0.1.v20211116-1657\jre\bin\java.dll
0x00007fff58850000 - 0x00007fff58868000 	C:\Users\mathe\.p2\pool\plugins\org.eclipse.justj.openjdk.hotspot.jre.full.win32.x86_64_17.0.1.v20211116-1657\jre\bin\zip.dll
0x00007fff637a0000 - 0x00007fff63ee4000 	C:\Windows\System32\SHELL32.dll
0x00007fff60200000 - 0x00007fff60994000 	C:\Windows\SYSTEM32\windows.storage.dll
0x00007fff63ef0000 - 0x00007fff64245000 	C:\Windows\System32\combase.dll
0x00007fff621c0000 - 0x00007fff621ee000 	C:\Windows\SYSTEM32\Wldp.dll
0x00007fff64ba0000 - 0x00007fff64c4d000 	C:\Windows\System32\SHCORE.dll
0x00007fff642b0000 - 0x00007fff64305000 	C:\Windows\System32\shlwapi.dll
0x00007fff626b0000 - 0x00007fff626cf000 	C:\Windows\SYSTEM32\profapi.dll
0x00007fff47aa0000 - 0x00007fff47aac000 	C:\Users\mathe\.p2\pool\plugins\org.eclipse.justj.openjdk.hotspot.jre.full.win32.x86_64_17.0.1.v20211116-1657\jre\bin\dt_socket.dll
0x00007fff61bc0000 - 0x00007fff61bfb000 	C:\Windows\SYSTEM32\IPHLPAPI.DLL
0x00007fff61f20000 - 0x00007fff61f8a000 	C:\Windows\system32\mswsock.dll
0x00007fff61c00000 - 0x00007fff61ccb000 	C:\Windows\SYSTEM32\DNSAPI.dll
0x00007fff63790000 - 0x00007fff63798000 	C:\Windows\System32\NSI.dll
0x00007fff59180000 - 0x00007fff5918a000 	C:\Windows\System32\rasadhlp.dll
0x00007fff51a00000 - 0x00007fff51a7f000 	C:\Windows\System32\fwpuclnt.dll
0x00007fff62f40000 - 0x00007fff62f67000 	C:\Windows\System32\bcrypt.dll
0x00007fff5a250000 - 0x00007fff5a269000 	C:\Users\mathe\.p2\pool\plugins\org.eclipse.justj.openjdk.hotspot.jre.full.win32.x86_64_17.0.1.v20211116-1657\jre\bin\net.dll
0x00007fff59ef0000 - 0x00007fff59ffc000 	C:\Windows\SYSTEM32\WINHTTP.dll
0x00007fff5a220000 - 0x00007fff5a235000 	C:\Users\mathe\.p2\pool\plugins\org.eclipse.justj.openjdk.hotspot.jre.full.win32.x86_64_17.0.1.v20211116-1657\jre\bin\nio.dll
0x00007fff5a5e0000 - 0x00007fff5a5f0000 	C:\Users\mathe\.p2\pool\plugins\org.eclipse.justj.openjdk.hotspot.jre.full.win32.x86_64_17.0.1.v20211116-1657\jre\bin\verify.dll

dbghelp: loaded successfully - version: 4.0.5 - missing functions: none
symbol engine: initialized successfully - sym options: 0x614 - pdb path: .;C:\Users\mathe\.p2\pool\plugins\org.eclipse.justj.openjdk.hotspot.jre.full.win32.x86_64_17.0.1.v20211116-1657\jre\bin;C:\Windows\SYSTEM32;C:\Windows\WinSxS\amd64_microsoft.windows.common-controls_6595b64144ccf1df_6.0.19041.1110_none_60b5254171f9507e;C:\Users\mathe\.p2\pool\plugins\org.eclipse.justj.openjdk.hotspot.jre.full.win32.x86_64_17.0.1.v20211116-1657\jre\bin\server

VM Arguments:
jvm_args: -XX:+ShowCodeDetailsInExceptionMessages -agentlib:jdwp=transport=dt_socket,suspend=y,address=localhost:62145 -javaagent:C:\Users\mathe\eclipse\java-2021-12\eclipse\configuration\org.eclipse.osgi\221\0\.cp\lib\javaagent-shaded.jar -Dfile.encoding=Cp1252 
java_command: main.Principal
java_class_path (initial): C:\PAA - coloracao de grafos\coloracao de grafos\bin
Launcher Type: SUN_STANDARD

[Global flags]
     intx CICompilerCount                          = 4                                         {product} {ergonomic}
     uint ConcGCThreads                            = 2                                         {product} {ergonomic}
     uint G1ConcRefinementThreads                  = 8                                         {product} {ergonomic}
   size_t G1HeapRegionSize                         = 2097152                                   {product} {ergonomic}
    uintx GCDrainStackTargetSize                   = 64                                        {product} {ergonomic}
   size_t InitialHeapSize                          = 264241152                                 {product} {ergonomic}
   size_t MarkStackSize                            = 4194304                                   {product} {ergonomic}
   size_t MaxHeapSize                              = 4223664128                                {product} {ergonomic}
   size_t MaxNewSize                               = 2533359616                                {product} {ergonomic}
   size_t MinHeapDeltaBytes                        = 2097152                                   {product} {ergonomic}
   size_t MinHeapSize                              = 8388608                                   {product} {ergonomic}
    uintx NonNMethodCodeHeapSize                   = 5839372                                {pd product} {ergonomic}
    uintx NonProfiledCodeHeapSize                  = 122909434                              {pd product} {ergonomic}
    uintx ProfiledCodeHeapSize                     = 122909434                              {pd product} {ergonomic}
    uintx ReservedCodeCacheSize                    = 251658240                              {pd product} {ergonomic}
     bool SegmentedCodeCache                       = true                                      {product} {ergonomic}
     bool ShowCodeDetailsInExceptionMessages       = true                                   {manageable} {command line}
   size_t SoftMaxHeapSize                          = 4223664128                             {manageable} {ergonomic}
     bool UseCompressedClassPointers               = true                           {product lp64_product} {ergonomic}
     bool UseCompressedOops                        = true                           {product lp64_product} {ergonomic}
     bool UseG1GC                                  = true                                      {product} {ergonomic}
     bool UseLargePagesIndividualAllocation        = false                                  {pd product} {ergonomic}

Logging:
Log output configuration:
 #0: stdout all=warning uptime,level,tags
 #1: stderr all=off uptime,level,tags

Environment Variables:
PATH=C:\Users\mathe\.p2\pool\plugins\org.eclipse.justj.openjdk.hotspot.jre.full.win32.x86_64_17.0.1.v20211116-1657\jre\bin;C:/Users/mathe/.p2/pool/plugins/org.eclipse.justj.openjdk.hotspot.jre.full.win32.x86_64_17.0.1.v20211116-1657/jre/bin/server;C:/Users/mathe/.p2/pool/plugins/org.eclipse.justj.openjdk.hotspot.jre.full.win32.x86_64_17.0.1.v20211116-1657/jre/bin;C:\Program Files (x86)\Common Files\Oracle\Java\javapath;C:\Windows\system32;C:\Windows;C:\Windows\System32\Wbem;C:\Windows\System32\WindowsPowerShell\v1.0\;C:\Windows\System32\OpenSSH\;C:\Program Files\Git\cmd;C:\Users\mathe\AppData\Local\Programs\Python\Python310\Scripts\;C:\Users\mathe\AppData\Local\Programs\Python\Python310\;C:\Users\mathe\AppData\Local\Microsoft\WindowsApps;;C:\Users\mathe\AppData\Local\Programs\Microsoft VS Code\bin;C:\Users\mathe\OneDrive\µrea de Trabalho;
USERNAME=mathe
OS=Windows_NT
PROCESSOR_IDENTIFIER=Intel64 Family 6 Model 140 Stepping 1, GenuineIntel



---------------  S Y S T E M  ---------------

OS:
 Windows 10 , 64 bit Build 19041 (10.0.19041.1503)
OS uptime: 1 days 1:30 hours

CPU: total 8 (initial active 8) (4 cores per cpu, 2 threads per core) family 6 model 140 stepping 1 microcode 0x8a, cx8, cmov, fxsr, ht, mmx, 3dnowpref, sse, sse2, sse3, ssse3, sse4.1, sse4.2, popcnt, lzcnt, tsc, tscinvbit, avx, avx2, aes, erms, clmul, bmi1, bmi2, adx, avx512f, avx512dq, avx512cd, avx512bw, avx512vl, sha, fma, vzeroupper, avx512_vpopcntdq, avx512_vpclmulqdq, avx512_vaes, avx512_vnni, clflush, clflushopt, clwb, avx512_vbmi2, avx512_vbmi

Memory: 4k page, system-wide physical 16107M (8735M free)
TotalPageFile size 19563M (AvailPageFile size 8423M)
current process WorkingSet (physical memory assigned to process): 47M, peak: 51M
current process commit charge ("private bytes"): 342M, peak: 344M

vm_info: OpenJDK 64-Bit Server VM (17.0.1+12) for windows-amd64 JRE (17.0.1+12), built on Oct 20 2021 07:42:55 by "" with MS VC++ 16.7 (VS2019)

END.
